<?xml version="1.0" encoding="UTF-8"?>
<testng-results ignored="0" total="2" passed="2" failed="0" skipped="0">
  <reporter-output>
  </reporter-output>
  <suite started-at="2022-01-23T22:31:24 EST" name="Surefire suite" finished-at="2022-01-23T22:31:37 EST" duration-ms="12896">
    <groups>
      <group name="cucumber">
        <method signature="AbstractTestNGCucumberTests.feature(cucumber.api.testng.CucumberFeatureWrapper)[pri:0, instance:com.TestRunner.TestRunner@515c6049]" name="feature" class="cucumber.api.testng.AbstractTestNGCucumberTests"/>
      </group> <!-- cucumber -->
    </groups>
    <test started-at="2022-01-23T22:31:24 EST" name="Surefire test" finished-at="2022-01-23T22:31:37 EST" duration-ms="12896">
      <class name="com.TestRunner.TestRunner">
        <test-method is-config="true" signature="lanchbrowser()[pri:0, instance:com.TestRunner.TestRunner@515c6049]" started-at="2022-01-23T22:31:24 EST" name="lanchbrowser" finished-at="2022-01-23T22:31:25 EST" duration-ms="1522" status="PASS">
          <reporter-output>
          </reporter-output>
        </test-method> <!-- lanchbrowser -->
        <test-method is-config="true" signature="setUpClass()[pri:0, instance:com.TestRunner.TestRunner@515c6049]" started-at="2022-01-23T22:31:25 EST" name="setUpClass" finished-at="2022-01-23T22:31:25 EST" duration-ms="130" status="PASS">
          <reporter-output>
          </reporter-output>
        </test-method> <!-- setUpClass -->
        <test-method signature="feature(cucumber.api.testng.CucumberFeatureWrapper)[pri:0, instance:com.TestRunner.TestRunner@515c6049]" started-at="2022-01-23T22:31:25 EST" name="feature" description="Runs Cucumber Feature" data-provider="features" finished-at="2022-01-23T22:31:31 EST" duration-ms="5201" status="PASS">
          <params>
            <param index="0">
              <value>
                <![CDATA[Search Field Empty]]>
              </value>
            </param>
          </params>
          <reporter-output>
          </reporter-output>
        </test-method> <!-- feature -->
        <test-method signature="feature(cucumber.api.testng.CucumberFeatureWrapper)[pri:0, instance:com.TestRunner.TestRunner@515c6049]" started-at="2022-01-23T22:31:31 EST" name="feature" description="Runs Cucumber Feature" data-provider="features" finished-at="2022-01-23T22:31:36 EST" duration-ms="5365" status="PASS">
          <params>
            <param index="0">
              <value>
                <![CDATA[Search Items]]>
              </value>
            </param>
          </params>
          <reporter-output>
          </reporter-output>
        </test-method> <!-- feature -->
        <test-method is-config="true" signature="tearDownClass()[pri:0, instance:com.TestRunner.TestRunner@515c6049]" started-at="2022-01-23T22:31:36 EST" name="tearDownClass" finished-at="2022-01-23T22:31:36 EST" duration-ms="8" status="PASS">
          <reporter-output>
          </reporter-output>
        </test-method> <!-- tearDownClass -->
        <test-method is-config="true" signature="closebrowser()[pri:0, instance:com.TestRunner.TestRunner@515c6049]" started-at="2022-01-23T22:31:36 EST" name="closebrowser" finished-at="2022-01-23T22:31:37 EST" duration-ms="607" status="PASS">
          <reporter-output>
          </reporter-output>
        </test-method> <!-- closebrowser -->
      </class> <!-- com.TestRunner.TestRunner -->
    </test> <!-- Surefire test -->
  </suite> <!-- Surefire suite -->
</testng-results>
