<?xml version="1.0" encoding="UTF-8"?>
<testng-results ignored="0" total="2" passed="2" failed="0" skipped="0">
  <reporter-output>
  </reporter-output>
  <suite started-at="2021-12-16T01:47:29 EST" name="Default suite" finished-at="2021-12-16T01:47:37 EST" duration-ms="7669">
    <groups>
      <group name="cucumber">
        <method signature="AbstractTestNGCucumberTests.feature(cucumber.api.testng.CucumberFeatureWrapper)[pri:0, instance:com.TestRunner.TestRunner@747edf66]" name="feature" class="cucumber.api.testng.AbstractTestNGCucumberTests"/>
      </group> <!-- cucumber -->
    </groups>
    <test started-at="2021-12-16T01:47:29 EST" name="Default test" finished-at="2021-12-16T01:47:37 EST" duration-ms="7669">
      <class name="com.TestRunner.TestRunner">
        <test-method is-config="true" signature="lanchbrowser()[pri:0, instance:com.TestRunner.TestRunner@747edf66]" started-at="2021-12-16T01:47:29 EST" name="lanchbrowser" finished-at="2021-12-16T01:47:31 EST" duration-ms="1619" status="PASS">
          <reporter-output>
          </reporter-output>
        </test-method> <!-- lanchbrowser -->
        <test-method is-config="true" signature="setUpClass()[pri:0, instance:com.TestRunner.TestRunner@747edf66]" started-at="2021-12-16T01:47:31 EST" name="setUpClass" finished-at="2021-12-16T01:47:31 EST" duration-ms="124" status="PASS">
          <reporter-output>
          </reporter-output>
        </test-method> <!-- setUpClass -->
        <test-method signature="feature(cucumber.api.testng.CucumberFeatureWrapper)[pri:0, instance:com.TestRunner.TestRunner@747edf66]" started-at="2021-12-16T01:47:31 EST" name="feature" description="Runs Cucumber Feature" data-provider="features" finished-at="2021-12-16T01:47:34 EST" duration-ms="2749" status="PASS">
          <params>
            <param index="0">
              <value>
                <![CDATA[Help & Contact page]]>
              </value>
            </param>
          </params>
          <reporter-output>
          </reporter-output>
        </test-method> <!-- feature -->
        <test-method signature="feature(cucumber.api.testng.CucumberFeatureWrapper)[pri:0, instance:com.TestRunner.TestRunner@747edf66]" started-at="2021-12-16T01:47:34 EST" name="feature" description="Runs Cucumber Feature" data-provider="features" finished-at="2021-12-16T01:47:36 EST" duration-ms="2467" status="PASS">
          <params>
            <param index="0">
              <value>
                <![CDATA[Help & Contact Page]]>
              </value>
            </param>
          </params>
          <reporter-output>
          </reporter-output>
        </test-method> <!-- feature -->
        <test-method is-config="true" signature="tearDownClass()[pri:0, instance:com.TestRunner.TestRunner@747edf66]" started-at="2021-12-16T01:47:36 EST" name="tearDownClass" finished-at="2021-12-16T01:47:36 EST" duration-ms="6" status="PASS">
          <reporter-output>
          </reporter-output>
        </test-method> <!-- tearDownClass -->
        <test-method is-config="true" signature="closebrowser()[pri:0, instance:com.TestRunner.TestRunner@747edf66]" started-at="2021-12-16T01:47:36 EST" name="closebrowser" finished-at="2021-12-16T01:47:37 EST" duration-ms="633" status="PASS">
          <reporter-output>
          </reporter-output>
        </test-method> <!-- closebrowser -->
      </class> <!-- com.TestRunner.TestRunner -->
    </test> <!-- Default test -->
  </suite> <!-- Default suite -->
</testng-results>
